c:\users\nilesh\documents\visual studio 2013\projects\7-06-16\7-06-16\debug\vc120.pdb
c:\users\nilesh\documents\visual studio 2013\projects\7-06-16\7-06-16\debug\vc120.idb
c:\users\nilesh\documents\visual studio 2013\projects\7-06-16\7-06-16\debug\bill.obj
c:\users\nilesh\documents\visual studio 2013\projects\7-06-16\7-06-16\debug\cust.obj
c:\users\nilesh\documents\visual studio 2013\projects\7-06-16\7-06-16\debug\main.obj
c:\users\nilesh\documents\visual studio 2013\projects\7-06-16\7-06-16\debug\maintenance.obj
c:\users\nilesh\documents\visual studio 2013\projects\7-06-16\7-06-16\debug\oil.obj
c:\users\nilesh\documents\visual studio 2013\projects\7-06-16\7-06-16\debug\part.obj
c:\users\nilesh\documents\visual studio 2013\projects\7-06-16\7-06-16\debug\service.obj
c:\users\nilesh\documents\visual studio 2013\projects\7-06-16\7-06-16\debug\ser_req.obj
c:\users\nilesh\documents\visual studio 2013\projects\7-06-16\7-06-16\debug\ser_station.obj
c:\users\nilesh\documents\visual studio 2013\projects\7-06-16\7-06-16\debug\string.obj
c:\users\nilesh\documents\visual studio 2013\projects\7-06-16\7-06-16\debug\vehicle.obj
c:\users\nilesh\documents\visual studio 2013\projects\7-06-16\debug\7-06-16.ilk
c:\users\nilesh\documents\visual studio 2013\projects\7-06-16\debug\7-06-16.exe
c:\users\nilesh\documents\visual studio 2013\projects\7-06-16\debug\7-06-16.pdb
c:\users\nilesh\documents\visual studio 2013\projects\7-06-16\7-06-16\debug\7-06-16.tlog\cl.command.1.tlog
c:\users\nilesh\documents\visual studio 2013\projects\7-06-16\7-06-16\debug\7-06-16.tlog\cl.read.1.tlog
c:\users\nilesh\documents\visual studio 2013\projects\7-06-16\7-06-16\debug\7-06-16.tlog\cl.write.1.tlog
c:\users\nilesh\documents\visual studio 2013\projects\7-06-16\7-06-16\debug\7-06-16.tlog\link.command.1.tlog
c:\users\nilesh\documents\visual studio 2013\projects\7-06-16\7-06-16\debug\7-06-16.tlog\link.read.1.tlog
c:\users\nilesh\documents\visual studio 2013\projects\7-06-16\7-06-16\debug\7-06-16.tlog\link.write.1.tlog
