c:\users\nilesh\documents\visual studio 2013\projects\7-06-16\7-06-16\release\vc120.pdb
c:\users\nilesh\documents\visual studio 2013\projects\7-06-16\7-06-16\release\vehicle.obj
c:\users\nilesh\documents\visual studio 2013\projects\7-06-16\7-06-16\release\string.obj
c:\users\nilesh\documents\visual studio 2013\projects\7-06-16\7-06-16\release\ser_station.obj
c:\users\nilesh\documents\visual studio 2013\projects\7-06-16\7-06-16\release\ser_req.obj
c:\users\nilesh\documents\visual studio 2013\projects\7-06-16\7-06-16\release\service.obj
c:\users\nilesh\documents\visual studio 2013\projects\7-06-16\7-06-16\release\part.obj
c:\users\nilesh\documents\visual studio 2013\projects\7-06-16\7-06-16\release\oil.obj
c:\users\nilesh\documents\visual studio 2013\projects\7-06-16\7-06-16\release\maintenance.obj
c:\users\nilesh\documents\visual studio 2013\projects\7-06-16\7-06-16\release\main.obj
c:\users\nilesh\documents\visual studio 2013\projects\7-06-16\7-06-16\release\cust.obj
c:\users\nilesh\documents\visual studio 2013\projects\7-06-16\7-06-16\release\bill.obj
c:\users\nilesh\documents\visual studio 2013\projects\7-06-16\release\7-06-16.exe
c:\users\nilesh\documents\visual studio 2013\projects\7-06-16\release\7-06-16.pdb
c:\users\nilesh\documents\visual studio 2013\projects\7-06-16\7-06-16\release\7-06-16.tlog\cl.command.1.tlog
c:\users\nilesh\documents\visual studio 2013\projects\7-06-16\7-06-16\release\7-06-16.tlog\cl.read.1.tlog
c:\users\nilesh\documents\visual studio 2013\projects\7-06-16\7-06-16\release\7-06-16.tlog\cl.write.1.tlog
c:\users\nilesh\documents\visual studio 2013\projects\7-06-16\7-06-16\release\7-06-16.tlog\link.command.1.tlog
c:\users\nilesh\documents\visual studio 2013\projects\7-06-16\7-06-16\release\7-06-16.tlog\link.read.1.tlog
c:\users\nilesh\documents\visual studio 2013\projects\7-06-16\7-06-16\release\7-06-16.tlog\link.write.1.tlog
