Build started 6/8/2016 12:42:39 PM.
     1>Project "c:\Users\NilesH\documents\visual studio 2013\Projects\7-06-16\7-06-16\7-06-16.vcxproj" on node 2 (Build target(s)).
     1>ClCompile:
         C:\Program Files (x86)\Microsoft Visual Studio 12.0\VC\bin\CL.exe /c /Zi /nologo /W3 /WX- /O2 /Oi /Oy- /GL /D WIN32 /D NDEBUG /D _CONSOLE /D _LIB /D _UNICODE /D UNICODE /Gm- /EHsc /MD /GS /Gy /fp:precise /Zc:wchar_t /Zc:forScope /Fo"Release\\" /Fd"Release\vc120.pdb" /Gd /TP /analyze- /errorReport:prompt ser_station.cpp
         ser_station.cpp
       Link:
         C:\Program Files (x86)\Microsoft Visual Studio 12.0\VC\bin\link.exe /ERRORREPORT:PROMPT /OUT:"c:\users\nilesh\documents\visual studio 2013\Projects\7-06-16\Release\7-06-16.exe" /INCREMENTAL:NO /NOLOGO kernel32.lib user32.lib gdi32.lib winspool.lib comdlg32.lib advapi32.lib shell32.lib ole32.lib oleaut32.lib uuid.lib odbc32.lib odbccp32.lib /MANIFEST /MANIFESTUAC:"level='asInvoker' uiAccess='false'" /manifest:embed /DEBUG /PDB:"c:\users\nilesh\documents\visual studio 2013\Projects\7-06-16\Release\7-06-16.pdb" /SUBSYSTEM:CONSOLE /OPT:REF /OPT:ICF /LTCG /TLBID:1 /DYNAMICBASE /NXCOMPAT /IMPLIB:"c:\users\nilesh\documents\visual studio 2013\Projects\7-06-16\Release\7-06-16.lib" /MACHINE:X86 /SAFESEH Release\bill.obj
         Release\cust.obj
         Release\main.obj
         Release\maintenance.obj
         Release\oil.obj
         Release\part.obj
         Release\service.obj
         Release\ser_req.obj
         Release\ser_station.obj
         Release\string.obj
         Release\vehicle.obj
         Generating code
         Finished generating code
         7-06-16.vcxproj -> c:\users\nilesh\documents\visual studio 2013\Projects\7-06-16\Release\7-06-16.exe
     1>Done Building Project "c:\Users\NilesH\documents\visual studio 2013\Projects\7-06-16\7-06-16\7-06-16.vcxproj" (Build target(s)).

Build succeeded.

Time Elapsed 00:00:03.46
